************* Module app.control
src/app/control.py:24:0: C0303: Trailing whitespace (trailing-whitespace)
src/app/control.py:27:0: C0303: Trailing whitespace (trailing-whitespace)
src/app/control.py:39:0: C0303: Trailing whitespace (trailing-whitespace)
src/app/control.py:51:0: C0303: Trailing whitespace (trailing-whitespace)
src/app/control.py:3:0: E0611: No name 'QObject' in module 'PySide6.QtCore' (no-name-in-module)
src/app/control.py:3:0: E0611: No name 'Signal' in module 'PySide6.QtCore' (no-name-in-module)
src/app/control.py:3:0: E0611: No name 'Slot' in module 'PySide6.QtCore' (no-name-in-module)
src/app/control.py:3:0: E0611: No name 'Property' in module 'PySide6.QtCore' (no-name-in-module)
src/app/control.py:8:4: W0246: Useless parent or super() delegation in method '__init__' (useless-parent-delegation)
************* Module app.main
src/app/main.py:6:0: C0413: Import "from PySide6.QtGui import QGuiApplication" should be placed at the top of the module (wrong-import-position)
src/app/main.py:6:0: E0611: No name 'QGuiApplication' in module 'PySide6.QtGui' (no-name-in-module)
src/app/main.py:7:0: C0413: Import "from PySide6.QtQml import QQmlApplicationEngine" should be placed at the top of the module (wrong-import-position)
src/app/main.py:7:0: E0611: No name 'QQmlApplicationEngine' in module 'PySide6.QtQml' (no-name-in-module)
src/app/main.py:8:0: C0413: Import "from PySide6.QtCore import QObject, Slot" should be placed at the top of the module (wrong-import-position)
src/app/main.py:8:0: E0611: No name 'QObject' in module 'PySide6.QtCore' (no-name-in-module)
src/app/main.py:8:0: E0611: No name 'Slot' in module 'PySide6.QtCore' (no-name-in-module)
src/app/main.py:9:0: C0413: Import "from control import control" should be placed at the top of the module (wrong-import-position)
src/app/main.py:10:0: C0413: Import "from modules.user import User" should be placed at the top of the module (wrong-import-position)
src/app/main.py:11:0: C0413: Import "from threading import Thread" should be placed at the top of the module (wrong-import-position)
src/app/main.py:12:0: C0413: Import "from modules.server import start_server" should be placed at the top of the module (wrong-import-position)
src/app/main.py:23:4: W0104: Statement seems to have no effect (pointless-statement)
src/app/main.py:25:0: R0903: Too few public methods (1/2) (too-few-public-methods)
src/app/main.py:37:18: W0621: Redefining name 'main_control' from outer scope (line 35) (redefined-outer-name)
************* Module modules.settings
src/modules/settings.py:36:23: C0303: Trailing whitespace (trailing-whitespace)
src/modules/settings.py:44:108: C0303: Trailing whitespace (trailing-whitespace)
src/modules/settings.py:49:7: C0303: Trailing whitespace (trailing-whitespace)
src/modules/settings.py:77:7: C0303: Trailing whitespace (trailing-whitespace)
src/modules/settings.py:35:0: W0102: Dangerous default value [] as argument (dangerous-default-value)
src/modules/settings.py:35:0: W0102: Dangerous default value [] as argument (dangerous-default-value)
src/modules/settings.py:35:26: W0622: Redefining built-in 'id' (redefined-builtin)
src/modules/settings.py:35:67: W0621: Redefining name 'chat' from outer scope (line 17) (redefined-outer-name)
src/modules/settings.py:50:24: W1309: Using an f-string that does not have any interpolated variables (f-string-without-interpolation)
src/modules/settings.py:58:24: W1309: Using an f-string that does not have any interpolated variables (f-string-without-interpolation)
src/modules/settings.py:68:26: W1309: Using an f-string that does not have any interpolated variables (f-string-without-interpolation)
src/modules/settings.py:78:28: W1309: Using an f-string that does not have any interpolated variables (f-string-without-interpolation)
************* Module modules.server
src/modules/server.py:18:0: C0303: Trailing whitespace (trailing-whitespace)
src/modules/server.py:25:23: C0303: Trailing whitespace (trailing-whitespace)
src/modules/server.py:40:0: C0303: Trailing whitespace (trailing-whitespace)
src/modules/server.py:43:0: C0303: Trailing whitespace (trailing-whitespace)
src/modules/server.py:57:0: C0303: Trailing whitespace (trailing-whitespace)
src/modules/server.py:75:29: C0303: Trailing whitespace (trailing-whitespace)
src/modules/server.py:95:0: C0303: Trailing whitespace (trailing-whitespace)
src/modules/server.py:10:0: W0622: Redefining built-in 'set' (redefined-builtin)
src/modules/server.py:4:0: C0413: Import "from flask import Flask, request" should be placed at the top of the module (wrong-import-position)
src/modules/server.py:5:0: C0413: Import "import json" should be placed at the top of the module (wrong-import-position)
src/modules/server.py:6:0: C0413: Import "from zlib import decompress" should be placed at the top of the module (wrong-import-position)
src/modules/server.py:7:0: C0413: Import "from .user import User" should be placed at the top of the module (wrong-import-position)
src/modules/server.py:8:0: W0401: Wildcard import objects (wildcard-import)
src/modules/server.py:8:0: C0413: Import "from .objects import *" should be placed at the top of the module (wrong-import-position)
src/modules/server.py:9:0: C0413: Import "from app.control import Controller" should be placed at the top of the module (wrong-import-position)
src/modules/server.py:10:0: C0413: Import "import modules.settings as set" should be placed at the top of the module (wrong-import-position)
src/modules/server.py:20:4: R1710: Either all return statements in a function should return an expression, or none of them should. (inconsistent-return-statements)
src/modules/server.py:85:13: W1309: Using an f-string that does not have any interpolated variables (f-string-without-interpolation)
src/modules/server.py:6:0: W0611: Unused decompress imported from zlib (unused-import)
src/modules/server.py:8:0: W0614: Unused import(s) b64, arr_types, encrypt_data, decrypt_data, split_line, PKCS1_OAEP, RSA, wrap, Union and deepcopy from wildcard import of objects (unused-wildcard-import)
************* Module modules.objects
src/modules/objects.py:123:0: C0303: Trailing whitespace (trailing-whitespace)
src/modules/objects.py:129:47: C0303: Trailing whitespace (trailing-whitespace)
src/modules/objects.py:137:0: C0303: Trailing whitespace (trailing-whitespace)
src/modules/objects.py:167:13: C0303: Trailing whitespace (trailing-whitespace)
src/modules/objects.py:10:1: W0511: TODO: add bytes support (fixme)
src/modules/objects.py:14:41: R1734: Consider using [] instead of list() (use-list-literal)
src/modules/objects.py:11:0: R0912: Too many branches (18/12) (too-many-branches)
src/modules/objects.py:63:2: R1702: Too many nested blocks (6/5) (too-many-nested-blocks)
src/modules/objects.py:63:2: R1702: Too many nested blocks (6/5) (too-many-nested-blocks)
src/modules/objects.py:62:0: R0912: Too many branches (20/12) (too-many-branches)
src/modules/objects.py:108:19: W0622: Redefining built-in 'object' (redefined-builtin)
src/modules/objects.py:114:10: C0123: Use isinstance() rather than type() for a typecheck. (unidiomatic-typecheck)
src/modules/objects.py:120:7: C0123: Use isinstance() rather than type() for a typecheck. (unidiomatic-typecheck)
src/modules/objects.py:129:16: C0123: Use isinstance() rather than type() for a typecheck. (unidiomatic-typecheck)
src/modules/objects.py:120:2: R1702: Too many nested blocks (6/5) (too-many-nested-blocks)
src/modules/objects.py:140:19: W0622: Redefining built-in 'object' (redefined-builtin)
src/modules/objects.py:152:2: R1702: Too many nested blocks (6/5) (too-many-nested-blocks)
src/modules/objects.py:173:22: R1734: Consider using [] instead of list() (use-list-literal)
src/modules/objects.py:180:19: W0622: Redefining built-in 'object' (redefined-builtin)
src/modules/objects.py:194:6: R1705: Unnecessary "else" after "return", remove the "else" and de-indent the code inside it (no-else-return)
src/modules/objects.py:200:15: C0123: Use isinstance() rather than type() for a typecheck. (unidiomatic-typecheck)
src/modules/objects.py:180:0: R0912: Too many branches (13/12) (too-many-branches)
src/modules/objects.py:184:2: R1702: Too many nested blocks (7/5) (too-many-nested-blocks)
src/modules/objects.py:180:0: R1710: Either all return statements in a function should return an expression, or none of them should. (inconsistent-return-statements)
************* Module modules.user
src/modules/user.py:189:1: W0511: TODO: (fixme)
src/modules/user.py:12:0: W0622: Redefining built-in 'set' (redefined-builtin)
src/modules/user.py:12:0: C0413: Import "import modules.settings as set" should be placed at the top of the module (wrong-import-position)
src/modules/user.py:13:0: C0413: Import "from app.control import Controller" should be placed at the top of the module (wrong-import-position)
src/modules/user.py:14:0: C0413: Import "from .objects import decrypt_data, encrypt_object, decrypt_object, find_in_object" should be placed at the top of the module (wrong-import-position)
src/modules/user.py:70:11: W0718: Catching too general exception Exception (broad-exception-caught)
src/modules/user.py:87:19: W3101: Missing timeout argument for method 'requests.get' can cause your program to hang indefinitely (missing-timeout)
src/modules/user.py:88:25: W0123: Use of eval (eval-used)
src/modules/user.py:105:14: W3101: Missing timeout argument for method 'requests.post' can cause your program to hang indefinitely (missing-timeout)
src/modules/user.py:141:8: W3101: Missing timeout argument for method 'requests.post' can cause your program to hang indefinitely (missing-timeout)
src/modules/user.py:118:2: R1710: Either all return statements in a function should return an expression, or none of them should. (inconsistent-return-statements)
src/modules/user.py:154:4: W0702: No exception type(s) specified (bare-except)
src/modules/user.py:153:10: W3101: Missing timeout argument for method 'requests.post' can cause your program to hang indefinitely (missing-timeout)
src/modules/user.py:192:13: W3101: Missing timeout argument for method 'requests.get' can cause your program to hang indefinitely (missing-timeout)
src/modules/user.py:190:2: R1710: Either all return statements in a function should return an expression, or none of them should. (inconsistent-return-statements)
************* Module modules.test_modules.test_objects
src/modules/test_modules/test_objects.py:12:0: C0305: Trailing newlines (trailing-newlines)
src/modules/test_modules/test_objects.py:1:0: W0611: Unused modules.objects imported as obj (unused-import)
src/modules/test_modules/test_objects.py:2:0: W0611: Unused import unittest (unused-import)
************* Module modules.test_modules.test_user
src/modules/test_modules/test_user.py:1:0: W0611: Unused User imported from modules.user (unused-import)
src/modules/test_modules/test_user.py:2:0: W0611: Unused import unittest (unused-import)
************* Module test
src/test.py:10:181: C0303: Trailing whitespace (trailing-whitespace)
src/test.py:13:0: C0303: Trailing whitespace (trailing-whitespace)
src/test.py:5:0: C0413: Import "from modules.user import User" should be placed at the top of the module (wrong-import-position)
src/test.py:6:0: C0413: Import "from app.control import control" should be placed at the top of the module (wrong-import-position)

------------------------------------------------------------------
Your code has been rated at 7.52/10 (previous run: 5.35/10, +2.17)

